2024-07-10 13:32:36.542 [ main ] - [ INFO  ] [ com.gk.study.MySpringApplication : 55 ] - Starting MySpringApplication using Java 17.0.9 on teresadeMacBook-Air.local with PID 58328 (/Users/teresa/Program/Code/zyxt/java_book/server/target/classes started by teresa in /Users/teresa/Program/Code/zyxt/java_book)
2024-07-10 13:32:36.543 [ main ] - [ INFO  ] [ com.gk.study.MySpringApplication : 659 ] - No active profile set, falling back to default profiles: default
2024-07-10 13:32:37.267 [ main ] - [ INFO  ] [ org.apache.coyote.http11.Http11NioProtocol : 173 ] - Initializing ProtocolHandler ["http-nio-9100"]
2024-07-10 13:32:37.267 [ main ] - [ INFO  ] [ org.apache.catalina.core.StandardService : 173 ] - Starting service [Tomcat]
2024-07-10 13:32:37.267 [ main ] - [ INFO  ] [ org.apache.catalina.core.StandardEngine : 173 ] - Starting Servlet engine: [Apache Tomcat/9.0.53]
2024-07-10 13:32:37.302 [ main ] - [ INFO  ] [ o.a.c.c.ContainerBase.[Tomcat].[localhost].[/api] : 173 ] - Initializing Spring embedded WebApplicationContext
2024-07-10 13:32:37.349 [ main ] - [ INFO  ] [ c.a.d.s.b.a.DruidDataSourceAutoConfigure : 56 ] - Init DruidDataSource
2024-07-10 13:32:37.417 [ main ] - [ INFO  ] [ com.alibaba.druid.pool.DruidDataSource : 975 ] - {dataSource-1} inited
2024-07-10 13:32:37.529 [ main ] - [ WARN  ] [ c.b.mybatisplus.core.metadata.TableInfoHelper : 342 ] - Can not find table primary key in Class: "java.lang.Object".
2024-07-10 13:32:37.529 [ main ] - [ WARN  ] [ c.b.mybatisplus.core.injector.DefaultSqlInjector : 56 ] - class java.lang.Object ,Not found @TableId annotation, Cannot use Mybatis-Plus 'xxById' Method.
2024-07-10 13:32:38.004 [ main ] - [ INFO  ] [ org.apache.coyote.http11.Http11NioProtocol : 173 ] - Starting ProtocolHandler ["http-nio-9100"]
2024-07-10 13:32:38.149 [ main ] - [ INFO  ] [ com.gk.study.MySpringApplication : 61 ] - Started MySpringApplication in 1.788 seconds (JVM running for 2.292)
2024-07-10 13:32:41.455 [ http-nio-9100-exec-2 ] - [ INFO  ] [ o.a.c.c.ContainerBase.[Tomcat].[localhost].[/api] : 173 ] - Initializing Spring DispatcherServlet 'dispatcherServlet'
2024-07-10 13:34:18.397 [ http-nio-9100-exec-1 ] - [ WARN  ] [ c.b.m.core.toolkit.support.ReflectLambdaMeta : 41 ] - Unable to make field private final java.lang.Class java.lang.invoke.SerializedLambda.capturingClass accessible: module java.base does not "opens java.lang.invoke" to unnamed module @3f6f6701
2024-07-10 13:37:57.642 [ SpringApplicationShutdownHook ] - [ INFO  ] [ com.alibaba.druid.pool.DruidDataSource : 2063 ] - {dataSource-1} closing ...
2024-07-10 13:37:57.649 [ SpringApplicationShutdownHook ] - [ INFO  ] [ com.alibaba.druid.pool.DruidDataSource : 2136 ] - {dataSource-1} closed
2024-07-10 13:38:01.274 [ main ] - [ INFO  ] [ com.gk.study.MySpringApplication : 55 ] - Starting MySpringApplication using Java 17.0.9 on teresadeMacBook-Air.local with PID 60560 (/Users/teresa/Program/Code/zyxt/java_book/server/target/classes started by teresa in /Users/teresa/Program/Code/zyxt/java_book)
2024-07-10 13:38:01.275 [ main ] - [ INFO  ] [ com.gk.study.MySpringApplication : 659 ] - No active profile set, falling back to default profiles: default
2024-07-10 13:38:02.027 [ main ] - [ INFO  ] [ org.apache.coyote.http11.Http11NioProtocol : 173 ] - Initializing ProtocolHandler ["http-nio-9100"]
2024-07-10 13:38:02.027 [ main ] - [ INFO  ] [ org.apache.catalina.core.StandardService : 173 ] - Starting service [Tomcat]
2024-07-10 13:38:02.027 [ main ] - [ INFO  ] [ org.apache.catalina.core.StandardEngine : 173 ] - Starting Servlet engine: [Apache Tomcat/9.0.53]
2024-07-10 13:38:02.060 [ main ] - [ INFO  ] [ o.a.c.c.ContainerBase.[Tomcat].[localhost].[/api] : 173 ] - Initializing Spring embedded WebApplicationContext
2024-07-10 13:38:02.108 [ main ] - [ INFO  ] [ c.a.d.s.b.a.DruidDataSourceAutoConfigure : 56 ] - Init DruidDataSource
2024-07-10 13:38:02.176 [ main ] - [ INFO  ] [ com.alibaba.druid.pool.DruidDataSource : 975 ] - {dataSource-1} inited
2024-07-10 13:38:02.294 [ main ] - [ WARN  ] [ c.b.mybatisplus.core.metadata.TableInfoHelper : 342 ] - Can not find table primary key in Class: "java.lang.Object".
2024-07-10 13:38:02.294 [ main ] - [ WARN  ] [ c.b.mybatisplus.core.injector.DefaultSqlInjector : 56 ] - class java.lang.Object ,Not found @TableId annotation, Cannot use Mybatis-Plus 'xxById' Method.
2024-07-10 13:38:02.755 [ main ] - [ INFO  ] [ org.apache.coyote.http11.Http11NioProtocol : 173 ] - Starting ProtocolHandler ["http-nio-9100"]
2024-07-10 13:38:02.940 [ main ] - [ INFO  ] [ com.gk.study.MySpringApplication : 61 ] - Started MySpringApplication in 1.89 seconds (JVM running for 2.342)
2024-07-10 13:38:06.411 [ http-nio-9100-exec-2 ] - [ INFO  ] [ o.a.c.c.ContainerBase.[Tomcat].[localhost].[/api] : 173 ] - Initializing Spring DispatcherServlet 'dispatcherServlet'
2024-07-10 13:38:06.455 [ http-nio-9100-exec-2 ] - [ INFO  ] [ com.gk.study.controller.ApplicationController : 31 ] - 保存申请Application(id=null, name=张三111, email=12345, phone=1234, address=蠡湖大道, description=测试描述, project=项目1, courseName=1, classificationId=1, status=null)
2024-07-10 13:39:54.471 [ http-nio-9100-exec-6 ] - [ WARN  ] [ c.b.m.core.toolkit.support.ReflectLambdaMeta : 41 ] - Unable to make field private final java.lang.Class java.lang.invoke.SerializedLambda.capturingClass accessible: module java.base does not "opens java.lang.invoke" to unnamed module @563f38c4
2024-07-10 13:41:37.901 [ SpringApplicationShutdownHook ] - [ INFO  ] [ com.alibaba.druid.pool.DruidDataSource : 2063 ] - {dataSource-1} closing ...
2024-07-10 13:41:37.908 [ SpringApplicationShutdownHook ] - [ INFO  ] [ com.alibaba.druid.pool.DruidDataSource : 2136 ] - {dataSource-1} closed
2024-07-10 13:41:41.512 [ main ] - [ INFO  ] [ com.gk.study.MySpringApplication : 55 ] - Starting MySpringApplication using Java 17.0.9 on teresadeMacBook-Air.local with PID 61876 (/Users/teresa/Program/Code/zyxt/java_book/server/target/classes started by teresa in /Users/teresa/Program/Code/zyxt/java_book)
2024-07-10 13:41:41.513 [ main ] - [ INFO  ] [ com.gk.study.MySpringApplication : 659 ] - No active profile set, falling back to default profiles: default
2024-07-10 13:41:42.057 [ main ] - [ INFO  ] [ org.apache.coyote.http11.Http11NioProtocol : 173 ] - Initializing ProtocolHandler ["http-nio-9100"]
2024-07-10 13:41:42.057 [ main ] - [ INFO  ] [ org.apache.catalina.core.StandardService : 173 ] - Starting service [Tomcat]
2024-07-10 13:41:42.057 [ main ] - [ INFO  ] [ org.apache.catalina.core.StandardEngine : 173 ] - Starting Servlet engine: [Apache Tomcat/9.0.53]
2024-07-10 13:41:42.087 [ main ] - [ INFO  ] [ o.a.c.c.ContainerBase.[Tomcat].[localhost].[/api] : 173 ] - Initializing Spring embedded WebApplicationContext
2024-07-10 13:41:42.141 [ main ] - [ INFO  ] [ c.a.d.s.b.a.DruidDataSourceAutoConfigure : 56 ] - Init DruidDataSource
2024-07-10 13:41:42.204 [ main ] - [ INFO  ] [ com.alibaba.druid.pool.DruidDataSource : 975 ] - {dataSource-1} inited
2024-07-10 13:41:42.315 [ main ] - [ WARN  ] [ c.b.mybatisplus.core.metadata.TableInfoHelper : 342 ] - Can not find table primary key in Class: "java.lang.Object".
2024-07-10 13:41:42.315 [ main ] - [ WARN  ] [ c.b.mybatisplus.core.injector.DefaultSqlInjector : 56 ] - class java.lang.Object ,Not found @TableId annotation, Cannot use Mybatis-Plus 'xxById' Method.
2024-07-10 13:41:42.749 [ main ] - [ INFO  ] [ org.apache.coyote.http11.Http11NioProtocol : 173 ] - Starting ProtocolHandler ["http-nio-9100"]
2024-07-10 13:41:42.919 [ main ] - [ INFO  ] [ com.gk.study.MySpringApplication : 61 ] - Started MySpringApplication in 1.59 seconds (JVM running for 2.09)
2024-07-10 13:41:44.555 [ http-nio-9100-exec-1 ] - [ INFO  ] [ o.a.c.c.ContainerBase.[Tomcat].[localhost].[/api] : 173 ] - Initializing Spring DispatcherServlet 'dispatcherServlet'
2024-07-10 13:41:44.593 [ http-nio-9100-exec-1 ] - [ INFO  ] [ com.gk.study.controller.ApplicationController : 31 ] - 保存申请Application(id=null, name=张三111, email=12345, phone=1234, address=蠡湖大道, description=测试描述, project=项目1, courseName=1, classificationId=1, status=null)
