2024-07-11 08:54:18.394 [ main ] - [ INFO  ] [ com.gk.study.MySpringApplication : 55 ] - Starting MySpringApplication using Java 17.0.10 on DESKTOP-T04M4T8 with PID 11644 (D:\code\Java\code\JavaWeb\zyxt\java_book\server\target\classes started by 32791 in D:\code\Java\code\JavaWeb\zyxt)
2024-07-11 08:54:18.401 [ main ] - [ INFO  ] [ com.gk.study.MySpringApplication : 659 ] - No active profile set, falling back to default profiles: default
2024-07-11 08:54:20.818 [ main ] - [ INFO  ] [ org.apache.coyote.http11.Http11NioProtocol : 173 ] - Initializing ProtocolHandler ["http-nio-9100"]
2024-07-11 08:54:20.819 [ main ] - [ INFO  ] [ org.apache.catalina.core.StandardService : 173 ] - Starting service [Tomcat]
2024-07-11 08:54:20.820 [ main ] - [ INFO  ] [ org.apache.catalina.core.StandardEngine : 173 ] - Starting Servlet engine: [Apache Tomcat/9.0.53]
2024-07-11 08:54:20.932 [ main ] - [ INFO  ] [ o.a.c.c.ContainerBase.[Tomcat].[localhost].[/api] : 173 ] - Initializing Spring embedded WebApplicationContext
2024-07-11 08:54:21.090 [ main ] - [ INFO  ] [ c.a.d.s.b.a.DruidDataSourceAutoConfigure : 56 ] - Init DruidDataSource
2024-07-11 08:54:21.264 [ main ] - [ INFO  ] [ com.alibaba.druid.pool.DruidDataSource : 975 ] - {dataSource-1} inited
2024-07-11 08:54:21.517 [ main ] - [ WARN  ] [ c.b.mybatisplus.core.metadata.TableInfoHelper : 342 ] - Can not find table primary key in Class: "java.lang.Object".
2024-07-11 08:54:21.517 [ main ] - [ WARN  ] [ c.b.mybatisplus.core.injector.DefaultSqlInjector : 56 ] - class java.lang.Object ,Not found @TableId annotation, Cannot use Mybatis-Plus 'xxById' Method.
2024-07-11 08:54:22.727 [ main ] - [ INFO  ] [ org.apache.coyote.http11.Http11NioProtocol : 173 ] - Starting ProtocolHandler ["http-nio-9100"]
2024-07-11 08:54:23.229 [ main ] - [ INFO  ] [ com.gk.study.MySpringApplication : 61 ] - Started MySpringApplication in 5.508 seconds (JVM running for 6.443)
2024-07-11 08:54:41.225 [ http-nio-9100-exec-1 ] - [ INFO  ] [ o.a.c.c.ContainerBase.[Tomcat].[localhost].[/api] : 173 ] - Initializing Spring DispatcherServlet 'dispatcherServlet'
2024-07-11 08:54:42.139 [ http-nio-9100-exec-2 ] - [ ERROR ] [ com.gk.study.handler.CustomExceptionHandler : 29 ] - error log======>
### Error querying database.  Cause: java.sql.SQLSyntaxErrorException: Table 'java_book2.B_classification' doesn't exist
### The error may exist in file [D:\code\Java\code\JavaWeb\zyxt\java_book\server\target\classes\mapper\OverviewMapper.xml]
### The error may involve defaultParameterMap
### The error occurred while setting parameters
### SQL: select B.title, count(B.title) as count         from b_thing A join B_classification B on A.classification_id = B.id         group by B.title         order by count desc limit 5;
### Cause: java.sql.SQLSyntaxErrorException: Table 'java_book2.B_classification' doesn't exist
; bad SQL grammar []; nested exception is java.sql.SQLSyntaxErrorException: Table 'java_book2.B_classification' doesn't exist
org.springframework.jdbc.BadSqlGrammarException: 
### Error querying database.  Cause: java.sql.SQLSyntaxErrorException: Table 'java_book2.B_classification' doesn't exist
### The error may exist in file [D:\code\Java\code\JavaWeb\zyxt\java_book\server\target\classes\mapper\OverviewMapper.xml]
### The error may involve defaultParameterMap
### The error occurred while setting parameters
### SQL: select B.title, count(B.title) as count         from b_thing A join B_classification B on A.classification_id = B.id         group by B.title         order by count desc limit 5;
### Cause: java.sql.SQLSyntaxErrorException: Table 'java_book2.B_classification' doesn't exist
; bad SQL grammar []; nested exception is java.sql.SQLSyntaxErrorException: Table 'java_book2.B_classification' doesn't exist
	at org.springframework.jdbc.support.SQLErrorCodeSQLExceptionTranslator.doTranslate(SQLErrorCodeSQLExceptionTranslator.java:239)
	at org.springframework.jdbc.support.AbstractFallbackSQLExceptionTranslator.translate(AbstractFallbackSQLExceptionTranslator.java:70)
	at org.mybatis.spring.MyBatisExceptionTranslator.translateExceptionIfPossible(MyBatisExceptionTranslator.java:91)
	at org.mybatis.spring.SqlSessionTemplate$SqlSessionInterceptor.invoke(SqlSessionTemplate.java:441)
	at jdk.proxy2/jdk.proxy2.$Proxy73.selectList(Unknown Source)
	at org.mybatis.spring.SqlSessionTemplate.selectList(SqlSessionTemplate.java:224)
	at com.baomidou.mybatisplus.core.override.MybatisMapperMethod.executeForMany(MybatisMapperMethod.java:166)
	at com.baomidou.mybatisplus.core.override.MybatisMapperMethod.execute(MybatisMapperMethod.java:77)
	at com.baomidou.mybatisplus.core.override.MybatisMapperProxy$PlainMethodInvoker.invoke(MybatisMapperProxy.java:148)
	at com.baomidou.mybatisplus.core.override.MybatisMapperProxy.invoke(MybatisMapperProxy.java:89)
	at jdk.proxy2/jdk.proxy2.$Proxy89.getPopularClassification(Unknown Source)
	at com.gk.study.controller.OverViewController.count(OverViewController.java:140)
	at java.base/jdk.internal.reflect.NativeMethodAccessorImpl.invoke0(Native Method)
	at java.base/jdk.internal.reflect.NativeMethodAccessorImpl.invoke(NativeMethodAccessorImpl.java:77)
	at java.base/jdk.internal.reflect.DelegatingMethodAccessorImpl.invoke(DelegatingMethodAccessorImpl.java:43)
	at java.base/java.lang.reflect.Method.invoke(Method.java:568)
	at org.springframework.web.method.support.InvocableHandlerMethod.doInvoke(InvocableHandlerMethod.java:205)
	at org.springframework.web.method.support.InvocableHandlerMethod.invokeForRequest(InvocableHandlerMethod.java:150)
	at org.springframework.web.servlet.mvc.method.annotation.ServletInvocableHandlerMethod.invokeAndHandle(ServletInvocableHandlerMethod.java:117)
	at org.springframework.web.servlet.mvc.method.annotation.RequestMappingHandlerAdapter.invokeHandlerMethod(RequestMappingHandlerAdapter.java:895)
	at org.springframework.web.servlet.mvc.method.annotation.RequestMappingHandlerAdapter.handleInternal(RequestMappingHandlerAdapter.java:808)
	at org.springframework.web.servlet.mvc.method.AbstractHandlerMethodAdapter.handle(AbstractHandlerMethodAdapter.java:87)
	at org.springframework.web.servlet.DispatcherServlet.doDispatch(DispatcherServlet.java:1067)
	at org.springframework.web.servlet.DispatcherServlet.doService(DispatcherServlet.java:963)
	at org.springframework.web.servlet.FrameworkServlet.processRequest(FrameworkServlet.java:1006)
	at org.springframework.web.servlet.FrameworkServlet.doGet(FrameworkServlet.java:898)
	at javax.servlet.http.HttpServlet.service(HttpServlet.java:655)
	at org.springframework.web.servlet.FrameworkServlet.service(FrameworkServlet.java:883)
	at javax.servlet.http.HttpServlet.service(HttpServlet.java:764)
	at org.apache.catalina.core.ApplicationFilterChain.internalDoFilter(ApplicationFilterChain.java:227)
	at org.apache.catalina.core.ApplicationFilterChain.doFilter(ApplicationFilterChain.java:162)
	at org.apache.tomcat.websocket.server.WsFilter.doFilter(WsFilter.java:53)
	at org.apache.catalina.core.ApplicationFilterChain.internalDoFilter(ApplicationFilterChain.java:189)
	at org.apache.catalina.core.ApplicationFilterChain.doFilter(ApplicationFilterChain.java:162)
	at com.alibaba.druid.support.http.WebStatFilter.doFilter(WebStatFilter.java:114)
	at org.apache.catalina.core.ApplicationFilterChain.internalDoFilter(ApplicationFilterChain.java:189)
	at org.apache.catalina.core.ApplicationFilterChain.doFilter(ApplicationFilterChain.java:162)
	at org.springframework.web.filter.RequestContextFilter.doFilterInternal(RequestContextFilter.java:100)
	at org.springframework.web.filter.OncePerRequestFilter.doFilter(OncePerRequestFilter.java:119)
	at org.apache.catalina.core.ApplicationFilterChain.internalDoFilter(ApplicationFilterChain.java:189)
	at org.apache.catalina.core.ApplicationFilterChain.doFilter(ApplicationFilterChain.java:162)
	at org.springframework.web.filter.FormContentFilter.doFilterInternal(FormContentFilter.java:93)
	at org.springframework.web.filter.OncePerRequestFilter.doFilter(OncePerRequestFilter.java:119)
	at org.apache.catalina.core.ApplicationFilterChain.internalDoFilter(ApplicationFilterChain.java:189)
	at org.apache.catalina.core.ApplicationFilterChain.doFilter(ApplicationFilterChain.java:162)
	at org.springframework.web.filter.CharacterEncodingFilter.doFilterInternal(CharacterEncodingFilter.java:201)
	at org.springframework.web.filter.OncePerRequestFilter.doFilter(OncePerRequestFilter.java:119)
	at org.apache.catalina.core.ApplicationFilterChain.internalDoFilter(ApplicationFilterChain.java:189)
	at org.apache.catalina.core.ApplicationFilterChain.doFilter(ApplicationFilterChain.java:162)
	at org.apache.catalina.core.StandardWrapperValve.invoke(StandardWrapperValve.java:197)
	at org.apache.catalina.core.StandardContextValve.invoke(StandardContextValve.java:97)
	at org.apache.catalina.authenticator.AuthenticatorBase.invoke(AuthenticatorBase.java:540)
	at org.apache.catalina.core.StandardHostValve.invoke(StandardHostValve.java:135)
	at org.apache.catalina.valves.ErrorReportValve.invoke(ErrorReportValve.java:92)
	at org.apache.catalina.core.StandardEngineValve.invoke(StandardEngineValve.java:78)
	at org.apache.catalina.connector.CoyoteAdapter.service(CoyoteAdapter.java:357)
	at org.apache.coyote.http11.Http11Processor.service(Http11Processor.java:382)
	at org.apache.coyote.AbstractProcessorLight.process(AbstractProcessorLight.java:65)
	at org.apache.coyote.AbstractProtocol$ConnectionHandler.process(AbstractProtocol.java:893)
	at org.apache.tomcat.util.net.NioEndpoint$SocketProcessor.doRun(NioEndpoint.java:1726)
	at org.apache.tomcat.util.net.SocketProcessorBase.run(SocketProcessorBase.java:49)
	at org.apache.tomcat.util.threads.ThreadPoolExecutor.runWorker(ThreadPoolExecutor.java:1191)
	at org.apache.tomcat.util.threads.ThreadPoolExecutor$Worker.run(ThreadPoolExecutor.java:659)
	at org.apache.tomcat.util.threads.TaskThread$WrappingRunnable.run(TaskThread.java:61)
	at java.base/java.lang.Thread.run(Thread.java:842)
Caused by: java.sql.SQLSyntaxErrorException: Table 'java_book2.B_classification' doesn't exist
	at com.mysql.cj.jdbc.exceptions.SQLError.createSQLException(SQLError.java:120)
	at com.mysql.cj.jdbc.exceptions.SQLError.createSQLException(SQLError.java:97)
	at com.mysql.cj.jdbc.exceptions.SQLExceptionsMapping.translateException(SQLExceptionsMapping.java:122)
	at com.mysql.cj.jdbc.ClientPreparedStatement.executeInternal(ClientPreparedStatement.java:953)
	at com.mysql.cj.jdbc.ClientPreparedStatement.execute(ClientPreparedStatement.java:370)
	at com.alibaba.druid.filter.FilterChainImpl.preparedStatement_execute(FilterChainImpl.java:3446)
	at com.alibaba.druid.filter.FilterEventAdapter.preparedStatement_execute(FilterEventAdapter.java:434)
	at com.alibaba.druid.filter.FilterChainImpl.preparedStatement_execute(FilterChainImpl.java:3444)
	at com.alibaba.druid.proxy.jdbc.PreparedStatementProxyImpl.execute(PreparedStatementProxyImpl.java:152)
	at com.alibaba.druid.pool.DruidPooledPreparedStatement.execute(DruidPooledPreparedStatement.java:483)
	at org.apache.ibatis.executor.statement.PreparedStatementHandler.query(PreparedStatementHandler.java:64)
	at org.apache.ibatis.executor.statement.RoutingStatementHandler.query(RoutingStatementHandler.java:79)
	at org.apache.ibatis.executor.SimpleExecutor.doQuery(SimpleExecutor.java:63)
	at org.apache.ibatis.executor.BaseExecutor.queryFromDatabase(BaseExecutor.java:325)
	at org.apache.ibatis.executor.BaseExecutor.query(BaseExecutor.java:156)
	at org.apache.ibatis.executor.CachingExecutor.query(CachingExecutor.java:109)
	at org.apache.ibatis.executor.CachingExecutor.query(CachingExecutor.java:89)
	at org.apache.ibatis.session.defaults.DefaultSqlSession.selectList(DefaultSqlSession.java:151)
	at org.apache.ibatis.session.defaults.DefaultSqlSession.selectList(DefaultSqlSession.java:145)
	at org.apache.ibatis.session.defaults.DefaultSqlSession.selectList(DefaultSqlSession.java:140)
	at java.base/jdk.internal.reflect.NativeMethodAccessorImpl.invoke0(Native Method)
	at java.base/jdk.internal.reflect.NativeMethodAccessorImpl.invoke(NativeMethodAccessorImpl.java:77)
	at java.base/jdk.internal.reflect.DelegatingMethodAccessorImpl.invoke(DelegatingMethodAccessorImpl.java:43)
	at java.base/java.lang.reflect.Method.invoke(Method.java:568)
	at org.mybatis.spring.SqlSessionTemplate$SqlSessionInterceptor.invoke(SqlSessionTemplate.java:427)
	... 61 common frames omitted
2024-07-11 08:54:51.760 [ http-nio-9100-exec-5 ] - [ WARN  ] [ c.b.m.core.toolkit.support.ReflectLambdaMeta : 41 ] - Unable to make field private final java.lang.Class java.lang.invoke.SerializedLambda.capturingClass accessible: module java.base does not "opens java.lang.invoke" to unnamed module @6ae5aa72
2024-07-11 09:01:19.846 [ SpringApplicationShutdownHook ] - [ INFO  ] [ com.alibaba.druid.pool.DruidDataSource : 2063 ] - {dataSource-1} closing ...
