2024-07-01 14:05:28.805 [ main ] - [ INFO  ] [ com.gk.study.MySpringApplication : 55 ] - Starting MySpringApplication using Java 1.8.0_382 on teresadeMacBook-Air.local with PID 93546 (/Users/teresa/Program/Code/zyxt/java_book/server/target/classes started by teresa in /Users/teresa/Program/Code/zyxt)
2024-07-01 14:05:28.806 [ main ] - [ INFO  ] [ com.gk.study.MySpringApplication : 659 ] - No active profile set, falling back to default profiles: default
2024-07-01 14:05:29.415 [ main ] - [ INFO  ] [ org.apache.coyote.http11.Http11NioProtocol : 173 ] - Initializing ProtocolHandler ["http-nio-9100"]
2024-07-01 14:05:29.415 [ main ] - [ INFO  ] [ org.apache.catalina.core.StandardService : 173 ] - Starting service [Tomcat]
2024-07-01 14:05:29.416 [ main ] - [ INFO  ] [ org.apache.catalina.core.StandardEngine : 173 ] - Starting Servlet engine: [Apache Tomcat/9.0.53]
2024-07-01 14:05:29.447 [ main ] - [ INFO  ] [ o.a.c.core.ContainerBase.[Tomcat].[localhost].[/] : 173 ] - Initializing Spring embedded WebApplicationContext
2024-07-01 14:05:29.499 [ main ] - [ INFO  ] [ c.a.d.s.b.a.DruidDataSourceAutoConfigure : 56 ] - Init DruidDataSource
2024-07-01 14:05:29.562 [ main ] - [ INFO  ] [ com.alibaba.druid.pool.DruidDataSource : 975 ] - {dataSource-1} inited
2024-07-01 14:05:29.730 [ main ] - [ WARN  ] [ c.b.mybatisplus.core.metadata.TableInfoHelper : 342 ] - Can not find table primary key in Class: "java.lang.Object".
2024-07-01 14:05:29.730 [ main ] - [ WARN  ] [ c.b.mybatisplus.core.injector.DefaultSqlInjector : 56 ] - class java.lang.Object ,Not found @TableId annotation, Cannot use Mybatis-Plus 'xxById' Method.
2024-07-01 14:05:30.198 [ main ] - [ INFO  ] [ org.apache.coyote.http11.Http11NioProtocol : 173 ] - Starting ProtocolHandler ["http-nio-9100"]
2024-07-01 14:05:30.389 [ main ] - [ INFO  ] [ com.gk.study.MySpringApplication : 61 ] - Started MySpringApplication in 1.804 seconds (JVM running for 2.116)
2024-07-01 14:05:35.533 [ SpringApplicationShutdownHook ] - [ INFO  ] [ com.alibaba.druid.pool.DruidDataSource : 2063 ] - {dataSource-1} closing ...
2024-07-01 14:05:35.535 [ SpringApplicationShutdownHook ] - [ INFO  ] [ com.alibaba.druid.pool.DruidDataSource : 2136 ] - {dataSource-1} closed
2024-07-01 14:05:37.364 [ main ] - [ INFO  ] [ com.gk.study.MySpringApplication : 55 ] - Starting MySpringApplication using Java 1.8.0_382 on teresadeMacBook-Air.local with PID 93583 (/Users/teresa/Program/Code/zyxt/java_book/server/target/classes started by teresa in /Users/teresa/Program/Code/zyxt)
2024-07-01 14:05:37.366 [ main ] - [ INFO  ] [ com.gk.study.MySpringApplication : 659 ] - No active profile set, falling back to default profiles: default
2024-07-01 14:05:38.280 [ main ] - [ INFO  ] [ org.apache.coyote.http11.Http11NioProtocol : 173 ] - Initializing ProtocolHandler ["http-nio-9100"]
2024-07-01 14:05:38.280 [ main ] - [ INFO  ] [ org.apache.catalina.core.StandardService : 173 ] - Starting service [Tomcat]
2024-07-01 14:05:38.281 [ main ] - [ INFO  ] [ org.apache.catalina.core.StandardEngine : 173 ] - Starting Servlet engine: [Apache Tomcat/9.0.53]
2024-07-01 14:05:38.313 [ main ] - [ INFO  ] [ o.a.c.core.ContainerBase.[Tomcat].[localhost].[/] : 173 ] - Initializing Spring embedded WebApplicationContext
2024-07-01 14:05:38.364 [ main ] - [ INFO  ] [ c.a.d.s.b.a.DruidDataSourceAutoConfigure : 56 ] - Init DruidDataSource
2024-07-01 14:05:38.467 [ main ] - [ INFO  ] [ com.alibaba.druid.pool.DruidDataSource : 975 ] - {dataSource-1} inited
2024-07-01 14:05:38.607 [ main ] - [ WARN  ] [ c.b.mybatisplus.core.metadata.TableInfoHelper : 342 ] - Can not find table primary key in Class: "java.lang.Object".
2024-07-01 14:05:38.608 [ main ] - [ WARN  ] [ c.b.mybatisplus.core.injector.DefaultSqlInjector : 56 ] - class java.lang.Object ,Not found @TableId annotation, Cannot use Mybatis-Plus 'xxById' Method.
2024-07-01 14:05:39.131 [ main ] - [ INFO  ] [ org.apache.coyote.http11.Http11NioProtocol : 173 ] - Starting ProtocolHandler ["http-nio-9100"]
2024-07-01 14:05:39.351 [ main ] - [ INFO  ] [ com.gk.study.MySpringApplication : 61 ] - Started MySpringApplication in 2.264 seconds (JVM running for 2.973)
2024-07-01 14:06:06.906 [ http-nio-9100-exec-4 ] - [ INFO  ] [ o.a.c.core.ContainerBase.[Tomcat].[localhost].[/] : 173 ] - Initializing Spring DispatcherServlet 'dispatcherServlet'
2024-07-01 15:14:59.926 [ SpringApplicationShutdownHook ] - [ INFO  ] [ com.alibaba.druid.pool.DruidDataSource : 2063 ] - {dataSource-1} closing ...
2024-07-01 15:14:59.984 [ SpringApplicationShutdownHook ] - [ INFO  ] [ com.alibaba.druid.pool.DruidDataSource : 2136 ] - {dataSource-1} closed
2024-07-01 15:15:02.402 [ main ] - [ INFO  ] [ com.gk.study.MySpringApplication : 55 ] - Starting MySpringApplication using Java 1.8.0_382 on teresadeMacBook-Air.local with PID 7246 (/Users/teresa/Program/Code/zyxt/java_book/server/target/classes started by teresa in /Users/teresa/Program/Code/zyxt)
2024-07-01 15:15:02.403 [ main ] - [ INFO  ] [ com.gk.study.MySpringApplication : 659 ] - No active profile set, falling back to default profiles: default
2024-07-01 15:15:03.067 [ main ] - [ INFO  ] [ org.apache.coyote.http11.Http11NioProtocol : 173 ] - Initializing ProtocolHandler ["http-nio-9100"]
2024-07-01 15:15:03.068 [ main ] - [ INFO  ] [ org.apache.catalina.core.StandardService : 173 ] - Starting service [Tomcat]
2024-07-01 15:15:03.068 [ main ] - [ INFO  ] [ org.apache.catalina.core.StandardEngine : 173 ] - Starting Servlet engine: [Apache Tomcat/9.0.53]
2024-07-01 15:15:03.101 [ main ] - [ INFO  ] [ o.a.c.c.ContainerBase.[Tomcat].[localhost].[/api] : 173 ] - Initializing Spring embedded WebApplicationContext
2024-07-01 15:15:03.155 [ main ] - [ INFO  ] [ c.a.d.s.b.a.DruidDataSourceAutoConfigure : 56 ] - Init DruidDataSource
2024-07-01 15:15:03.253 [ main ] - [ INFO  ] [ com.alibaba.druid.pool.DruidDataSource : 975 ] - {dataSource-1} inited
2024-07-01 15:15:03.392 [ main ] - [ WARN  ] [ c.b.mybatisplus.core.metadata.TableInfoHelper : 342 ] - Can not find table primary key in Class: "java.lang.Object".
2024-07-01 15:15:03.393 [ main ] - [ WARN  ] [ c.b.mybatisplus.core.injector.DefaultSqlInjector : 56 ] - class java.lang.Object ,Not found @TableId annotation, Cannot use Mybatis-Plus 'xxById' Method.
2024-07-01 15:15:03.923 [ main ] - [ INFO  ] [ org.apache.coyote.http11.Http11NioProtocol : 173 ] - Starting ProtocolHandler ["http-nio-9100"]
2024-07-01 15:15:04.147 [ main ] - [ INFO  ] [ com.gk.study.MySpringApplication : 61 ] - Started MySpringApplication in 1.974 seconds (JVM running for 2.431)
2024-07-01 15:15:08.129 [ http-nio-9100-exec-3 ] - [ INFO  ] [ o.a.c.c.ContainerBase.[Tomcat].[localhost].[/api] : 173 ] - Initializing Spring DispatcherServlet 'dispatcherServlet'
2024-07-01 15:20:28.287 [ SpringApplicationShutdownHook ] - [ INFO  ] [ com.alibaba.druid.pool.DruidDataSource : 2063 ] - {dataSource-1} closing ...
2024-07-01 15:20:28.314 [ SpringApplicationShutdownHook ] - [ INFO  ] [ com.alibaba.druid.pool.DruidDataSource : 2136 ] - {dataSource-1} closed
2024-07-01 15:20:30.218 [ main ] - [ INFO  ] [ com.gk.study.MySpringApplication : 55 ] - Starting MySpringApplication using Java 1.8.0_382 on teresadeMacBook-Air.local with PID 8309 (/Users/teresa/Program/Code/zyxt/java_book/server/target/classes started by teresa in /Users/teresa/Program/Code/zyxt)
2024-07-01 15:20:30.219 [ main ] - [ INFO  ] [ com.gk.study.MySpringApplication : 659 ] - No active profile set, falling back to default profiles: default
2024-07-01 15:20:30.877 [ main ] - [ INFO  ] [ org.apache.coyote.http11.Http11NioProtocol : 173 ] - Initializing ProtocolHandler ["http-nio-9100"]
2024-07-01 15:20:30.877 [ main ] - [ INFO  ] [ org.apache.catalina.core.StandardService : 173 ] - Starting service [Tomcat]
2024-07-01 15:20:30.877 [ main ] - [ INFO  ] [ org.apache.catalina.core.StandardEngine : 173 ] - Starting Servlet engine: [Apache Tomcat/9.0.53]
2024-07-01 15:20:30.909 [ main ] - [ INFO  ] [ o.a.c.c.ContainerBase.[Tomcat].[localhost].[/api] : 173 ] - Initializing Spring embedded WebApplicationContext
2024-07-01 15:20:30.958 [ main ] - [ INFO  ] [ c.a.d.s.b.a.DruidDataSourceAutoConfigure : 56 ] - Init DruidDataSource
2024-07-01 15:20:31.056 [ main ] - [ INFO  ] [ com.alibaba.druid.pool.DruidDataSource : 975 ] - {dataSource-1} inited
2024-07-01 15:20:31.194 [ main ] - [ WARN  ] [ c.b.mybatisplus.core.metadata.TableInfoHelper : 342 ] - Can not find table primary key in Class: "java.lang.Object".
2024-07-01 15:20:31.194 [ main ] - [ WARN  ] [ c.b.mybatisplus.core.injector.DefaultSqlInjector : 56 ] - class java.lang.Object ,Not found @TableId annotation, Cannot use Mybatis-Plus 'xxById' Method.
2024-07-01 15:20:31.731 [ main ] - [ INFO  ] [ org.apache.coyote.http11.Http11NioProtocol : 173 ] - Starting ProtocolHandler ["http-nio-9100"]
2024-07-01 15:20:32.259 [ main ] - [ INFO  ] [ com.gk.study.MySpringApplication : 61 ] - Started MySpringApplication in 2.349 seconds (JVM running for 2.882)
2024-07-01 15:20:35.062 [ http-nio-9100-exec-2 ] - [ INFO  ] [ o.a.c.c.ContainerBase.[Tomcat].[localhost].[/api] : 173 ] - Initializing Spring DispatcherServlet 'dispatcherServlet'
